<?xml version="1.0" encoding="UTF-8"?>
<!-- Generated by org.testng.reporters.JUnitXMLReporter -->
<testsuite ignored="0" hostname="DESKTOP-LJ15L86" failures="0" tests="2" name="Crmpro HomePage Testing" time="0.116" errors="0" timestamp="2020-07-08T14:44:52 CDT">
  <testcase classname="com.mytest.BasePageTest" name="@BeforeMethod setUp" time="0.0">
    <failure type="java.lang.NullPointerException">
      <![CDATA[java.lang.NullPointerException
at com.mytest.BasePageTest.setUp(BasePageTest.java:21)
at java.base/java.util.ArrayList.forEach(ArrayList.java:1507)
at java.base/java.util.concurrent.FutureTask.run(FutureTask.java:264)
at java.base/java.util.concurrent.ThreadPoolExecutor.runWorker(ThreadPoolExecutor.java:1128)
at java.base/java.util.concurrent.ThreadPoolExecutor$Worker.run(ThreadPoolExecutor.java:628)
at java.base/java.lang.Thread.run(Thread.java:830)
... Removed 22 stack frames]]>
    </failure>
  </testcase> <!-- @BeforeMethod setUp -->
  <testcase classname="com.mytest.BasePageTest" name="@AfterMethod tearDown" time="-1.594237492091E9">
    <skipped/>
  </testcase> <!-- @AfterMethod tearDown -->
  <testcase classname="com.mytest.HomePageTest" name="getHomePageTitle" time="0.0">
    <skipped/>
  </testcase> <!-- getHomePageTitle -->
  <testcase classname="com.mytest.LoginPageTest" name="getLoginPageTitle" time="0.0">
    <skipped/>
  </testcase> <!-- getLoginPageTitle -->
</testsuite> <!-- Crmpro HomePage Testing -->
