<?xml version="1.0" encoding="UTF-8"?>
<!-- Generated by org.testng.reporters.JUnitXMLReporter -->
<testsuite ignored="0" hostname="DESKTOP-LJ15L86" failures="0" tests="3" name="Crmpro App Test - Chrome" time="17.197" errors="0" timestamp="2020-07-08T15:30:31 CDT">
  <testcase classname="com.mytest.LoginPageTest" name="getLoginPageTitle" time="0.041"/>
  <testcase classname="com.mytest.LoginPageTest" name="getLoginPageTitle" time="0.031"/>
  <testcase classname="com.mytest.HomePageTest" name="getHomePageTitle" time="0.908"/>
</testsuite> <!-- Crmpro App Test - Chrome -->
