<?xml version="1.0" encoding="UTF-8"?>
<testng-results ignored="0" total="4" passed="4" failed="0" skipped="0">
  <reporter-output>
  </reporter-output>
  <suite started-at="2020-07-08T15:30:14 CDT" name="Crmpro Test automtion regression suite" finished-at="2020-07-08T15:30:35 CDT" duration-ms="21393">
    <groups>
    </groups>
    <test started-at="2020-07-08T15:30:14 CDT" name="Crmpro App Test - Chrome" finished-at="2020-07-08T15:30:31 CDT" duration-ms="17197">
      <class name="com.mytest.LoginPageTest">
        <test-method is-config="true" signature="setUp(java.lang.String)[pri:0, instance:com.mytest.LoginPageTest@2f177a4b]" started-at="2020-07-08T15:30:14 CDT" name="setUp" finished-at="2020-07-08T15:30:21 CDT" duration-ms="6775" status="PASS">
          <params>
            <param index="0">
              <value>
                <![CDATA[chrome]]>
              </value>
            </param>
          </params>
          <reporter-output>
          </reporter-output>
        </test-method> <!-- setUp -->
        <test-method signature="getLoginPageTitle()[pri:0, instance:com.mytest.LoginPageTest@2f177a4b]" started-at="2020-07-08T15:30:21 CDT" name="getLoginPageTitle" finished-at="2020-07-08T15:30:21 CDT" duration-ms="41" status="PASS">
          <reporter-output>
          </reporter-output>
        </test-method> <!-- getLoginPageTitle -->
        <test-method is-config="true" signature="tearDown()[pri:0, instance:com.mytest.LoginPageTest@2f177a4b]" started-at="2020-07-08T15:30:21 CDT" name="tearDown" finished-at="2020-07-08T15:30:22 CDT" duration-ms="695" status="PASS">
          <reporter-output>
          </reporter-output>
        </test-method> <!-- tearDown -->
      </class> <!-- com.mytest.LoginPageTest -->
      <class name="com.mytest.HomePageTest">
        <test-method is-config="true" signature="setUp(java.lang.String)[pri:0, instance:com.mytest.HomePageTest@4278a03f]" started-at="2020-07-08T15:30:22 CDT" name="setUp" finished-at="2020-07-08T15:30:30 CDT" duration-ms="7971" status="PASS">
          <params>
            <param index="0">
              <value>
                <![CDATA[chrome]]>
              </value>
            </param>
          </params>
          <reporter-output>
          </reporter-output>
        </test-method> <!-- setUp -->
        <test-method signature="getHomePageTitle()[pri:0, instance:com.mytest.HomePageTest@4278a03f]" started-at="2020-07-08T15:30:30 CDT" name="getHomePageTitle" finished-at="2020-07-08T15:30:30 CDT" duration-ms="908" status="PASS">
          <reporter-output>
          </reporter-output>
        </test-method> <!-- getHomePageTitle -->
        <test-method is-config="true" signature="tearDown()[pri:0, instance:com.mytest.HomePageTest@4278a03f]" started-at="2020-07-08T15:30:30 CDT" name="tearDown" finished-at="2020-07-08T15:30:31 CDT" duration-ms="733" status="PASS">
          <reporter-output>
          </reporter-output>
        </test-method> <!-- tearDown -->
      </class> <!-- com.mytest.HomePageTest -->
    </test> <!-- Crmpro App Test - Chrome -->
    <test started-at="2020-07-08T15:30:14 CDT" name="Crmpro App Test - Firefox" finished-at="2020-07-08T15:30:35 CDT" duration-ms="21393">
      <class name="com.mytest.LoginPageTest">
        <test-method is-config="true" signature="setUp(java.lang.String)[pri:0, instance:com.mytest.LoginPageTest@1677d1]" started-at="2020-07-08T15:30:14 CDT" name="setUp" finished-at="2020-07-08T15:30:22 CDT" duration-ms="7886" status="PASS">
          <params>
            <param index="0">
              <value>
                <![CDATA[firefox]]>
              </value>
            </param>
          </params>
          <reporter-output>
          </reporter-output>
        </test-method> <!-- setUp -->
        <test-method signature="getLoginPageTitle()[pri:0, instance:com.mytest.LoginPageTest@1677d1]" started-at="2020-07-08T15:30:22 CDT" name="getLoginPageTitle" finished-at="2020-07-08T15:30:22 CDT" duration-ms="31" status="PASS">
          <reporter-output>
          </reporter-output>
        </test-method> <!-- getLoginPageTitle -->
        <test-method is-config="true" signature="tearDown()[pri:0, instance:com.mytest.LoginPageTest@1677d1]" started-at="2020-07-08T15:30:22 CDT" name="tearDown" finished-at="2020-07-08T15:30:26 CDT" duration-ms="3840" status="PASS">
          <reporter-output>
          </reporter-output>
        </test-method> <!-- tearDown -->
      </class> <!-- com.mytest.LoginPageTest -->
      <class name="com.mytest.HomePageTest">
        <test-method is-config="true" signature="setUp(java.lang.String)[pri:0, instance:com.mytest.HomePageTest@48fa0f47]" started-at="2020-07-08T15:30:26 CDT" name="setUp" finished-at="2020-07-08T15:30:33 CDT" duration-ms="7204" status="PASS">
          <params>
            <param index="0">
              <value>
                <![CDATA[firefox]]>
              </value>
            </param>
          </params>
          <reporter-output>
          </reporter-output>
        </test-method> <!-- setUp -->
        <test-method signature="getHomePageTitle()[pri:0, instance:com.mytest.HomePageTest@48fa0f47]" started-at="2020-07-08T15:30:33 CDT" name="getHomePageTitle" finished-at="2020-07-08T15:30:33 CDT" duration-ms="221" status="PASS">
          <reporter-output>
          </reporter-output>
        </test-method> <!-- getHomePageTitle -->
        <test-method is-config="true" signature="tearDown()[pri:0, instance:com.mytest.HomePageTest@48fa0f47]" started-at="2020-07-08T15:30:33 CDT" name="tearDown" finished-at="2020-07-08T15:30:35 CDT" duration-ms="2150" status="PASS">
          <reporter-output>
          </reporter-output>
        </test-method> <!-- tearDown -->
      </class> <!-- com.mytest.HomePageTest -->
    </test> <!-- Crmpro App Test - Firefox -->
  </suite> <!-- Crmpro Test automtion regression suite -->
</testng-results>
